2024-10-10 01:09:38 INFO  HelperMethods:33 - Reading from: /Users/stevewang-work/github/db_practicum/build/resources/test/samples/input/db/data_human_readable/Boats
2024-10-10 01:09:38 INFO  HelperMethods:42 - Read 5 tuples from /Users/stevewang-work/github/db_practicum/build/resources/test/samples/input/db/data_human_readable/Boats
2024-10-10 01:09:38 INFO  HelperMethods:46 - Writing to: /Users/stevewang-work/github/db_practicum/build/resources/test/samples/input/db/data/Boats
2024-10-10 01:09:38 INFO  HelperMethods:52 - Written 5 tuples to /Users/stevewang-work/github/db_practicum/build/resources/test/samples/input/db/data/Boats
2024-10-10 01:09:38 INFO  HelperMethods:33 - Reading from: /Users/stevewang-work/github/db_practicum/build/resources/test/samples/input/db/data_human_readable/Reserves
2024-10-10 01:09:38 INFO  HelperMethods:42 - Read 6 tuples from /Users/stevewang-work/github/db_practicum/build/resources/test/samples/input/db/data_human_readable/Reserves
2024-10-10 01:09:38 INFO  HelperMethods:46 - Writing to: /Users/stevewang-work/github/db_practicum/build/resources/test/samples/input/db/data/Reserves
2024-10-10 01:09:38 INFO  HelperMethods:52 - Written 6 tuples to /Users/stevewang-work/github/db_practicum/build/resources/test/samples/input/db/data/Reserves
2024-10-10 01:09:38 INFO  HelperMethods:33 - Reading from: /Users/stevewang-work/github/db_practicum/build/resources/test/samples/input/db/data_human_readable/Sailors
2024-10-10 01:09:38 INFO  HelperMethods:42 - Read 6 tuples from /Users/stevewang-work/github/db_practicum/build/resources/test/samples/input/db/data_human_readable/Sailors
2024-10-10 01:09:38 INFO  HelperMethods:46 - Writing to: /Users/stevewang-work/github/db_practicum/build/resources/test/samples/input/db/data/Sailors
2024-10-10 01:09:38 INFO  HelperMethods:52 - Written 6 tuples to /Users/stevewang-work/github/db_practicum/build/resources/test/samples/input/db/data/Sailors
2024-10-10 01:09:38 INFO  ParserExample:43 - Read statement: SELECT * FROM Sailors
2024-10-10 01:09:38 INFO  ParserExample:47 - getDistanctnull
2024-10-10 01:09:38 INFO  ParserExample:43 - Read statement: SELECT Sailors.A FROM Sailors
2024-10-10 01:09:38 INFO  ParserExample:47 - getDistanctnull
2024-10-10 01:09:38 INFO  ParserExample:43 - Read statement: SELECT S.A FROM Sailors S
2024-10-10 01:09:38 INFO  ParserExample:47 - getDistanctnull
2024-10-10 01:09:38 INFO  ParserExample:43 - Read statement: SELECT * FROM Sailors S WHERE S.A < 3
2024-10-10 01:09:38 INFO  ParserExample:47 - getDistanctnull
2024-10-10 01:09:38 INFO  ParserExample:43 - Read statement: SELECT * FROM Sailors, Reserves WHERE Sailors.A = Reserves.G
2024-10-10 01:09:38 INFO  ParserExample:47 - getDistanctnull
2024-10-10 01:09:38 INFO  ParserExample:43 - Read statement: SELECT * FROM Sailors S1, Sailors S2 WHERE S1.A < S2.A
2024-10-10 01:09:38 INFO  ParserExample:47 - getDistanctnull
2024-10-10 01:09:38 INFO  ParserExample:43 - Read statement: SELECT DISTINCT R.G FROM Reserves R
2024-10-10 01:09:38 INFO  ParserExample:47 - getDistanctDISTINCT
2024-10-10 01:09:38 INFO  ParserExample:43 - Read statement: SELECT * FROM Sailors ORDER BY Sailors.B
2024-10-10 01:09:38 INFO  ParserExample:47 - getDistanctnull
2024-10-10 01:09:38 INFO  ParserExample:43 - Read statement: SELECT S.A, S.B, R.G FROM Sailors S, Reserves R ORDER BY S.B, R.G
2024-10-10 01:09:38 INFO  ParserExample:47 - getDistanctnull
2024-10-10 01:09:38 INFO  ParserExample:43 - Read statement: SELECT S.A, S.B, R.G FROM Sailors S, Reserves R WHERE S.A = R.G ORDER BY S.B, R.G
2024-10-10 01:09:38 INFO  ParserExample:47 - getDistanctnull
2024-10-10 01:09:38 INFO  ParserExample:43 - Read statement: SELECT S.A, B.D FROM Sailors S, Boats B WHERE S.B = B.E AND S.C > B.F
2024-10-10 01:09:38 INFO  ParserExample:47 - getDistanctnull
2024-10-10 01:09:38 INFO  ParserExample:43 - Read statement: SELECT S.A, B.D FROM Sailors S, Boats B WHERE S.B = B.E AND S.C > B.F AND 1 = 2
2024-10-10 01:09:38 INFO  ParserExample:47 - getDistanctnull
2024-10-10 01:11:33 INFO  HelperMethods:33 - Reading from: /Users/stevewang-work/github/db_practicum/build/resources/test/samples/input/db/data_human_readable/Boats
2024-10-10 01:11:33 INFO  HelperMethods:42 - Read 5 tuples from /Users/stevewang-work/github/db_practicum/build/resources/test/samples/input/db/data_human_readable/Boats
2024-10-10 01:11:33 INFO  HelperMethods:46 - Writing to: /Users/stevewang-work/github/db_practicum/build/resources/test/samples/input/db/data/Boats
2024-10-10 01:11:33 INFO  HelperMethods:52 - Written 5 tuples to /Users/stevewang-work/github/db_practicum/build/resources/test/samples/input/db/data/Boats
2024-10-10 01:11:33 INFO  HelperMethods:33 - Reading from: /Users/stevewang-work/github/db_practicum/build/resources/test/samples/input/db/data_human_readable/Reserves
2024-10-10 01:11:33 INFO  HelperMethods:42 - Read 6 tuples from /Users/stevewang-work/github/db_practicum/build/resources/test/samples/input/db/data_human_readable/Reserves
2024-10-10 01:11:33 INFO  HelperMethods:46 - Writing to: /Users/stevewang-work/github/db_practicum/build/resources/test/samples/input/db/data/Reserves
2024-10-10 01:11:33 INFO  HelperMethods:52 - Written 6 tuples to /Users/stevewang-work/github/db_practicum/build/resources/test/samples/input/db/data/Reserves
2024-10-10 01:11:33 INFO  HelperMethods:33 - Reading from: /Users/stevewang-work/github/db_practicum/build/resources/test/samples/input/db/data_human_readable/Sailors
2024-10-10 01:11:33 INFO  HelperMethods:42 - Read 6 tuples from /Users/stevewang-work/github/db_practicum/build/resources/test/samples/input/db/data_human_readable/Sailors
2024-10-10 01:11:33 INFO  HelperMethods:46 - Writing to: /Users/stevewang-work/github/db_practicum/build/resources/test/samples/input/db/data/Sailors
2024-10-10 01:11:33 INFO  HelperMethods:52 - Written 6 tuples to /Users/stevewang-work/github/db_practicum/build/resources/test/samples/input/db/data/Sailors
2024-10-10 01:11:33 INFO  ParserExample:43 - Read statement: SELECT * FROM Sailors
2024-10-10 01:11:33 INFO  ParserExample:47 - getDistanctnull
2024-10-10 01:11:33 INFO  ParserExample:43 - Read statement: SELECT Sailors.A FROM Sailors
2024-10-10 01:11:33 INFO  ParserExample:47 - getDistanctnull
2024-10-10 01:11:33 INFO  ParserExample:43 - Read statement: SELECT S.A FROM Sailors S
2024-10-10 01:11:33 INFO  ParserExample:47 - getDistanctnull
2024-10-10 01:11:33 INFO  ParserExample:43 - Read statement: SELECT * FROM Sailors S WHERE S.A < 3
2024-10-10 01:11:33 INFO  ParserExample:47 - getDistanctnull
2024-10-10 01:11:33 INFO  ParserExample:43 - Read statement: SELECT * FROM Sailors, Reserves WHERE Sailors.A = Reserves.G
2024-10-10 01:11:33 INFO  ParserExample:47 - getDistanctnull
2024-10-10 01:11:33 INFO  ParserExample:43 - Read statement: SELECT * FROM Sailors S1, Sailors S2 WHERE S1.A < S2.A
2024-10-10 01:11:33 INFO  ParserExample:47 - getDistanctnull
2024-10-10 01:11:33 INFO  ParserExample:43 - Read statement: SELECT DISTINCT R.G FROM Reserves R
2024-10-10 01:11:33 INFO  ParserExample:47 - getDistanctDISTINCT
2024-10-10 01:11:33 INFO  ParserExample:43 - Read statement: SELECT * FROM Sailors ORDER BY Sailors.B
2024-10-10 01:11:33 INFO  ParserExample:47 - getDistanctnull
2024-10-10 01:11:33 INFO  ParserExample:43 - Read statement: SELECT S.A, S.B, R.G FROM Sailors S, Reserves R ORDER BY S.B, R.G
2024-10-10 01:11:33 INFO  ParserExample:47 - getDistanctnull
2024-10-10 01:11:33 INFO  ParserExample:43 - Read statement: SELECT S.A, S.B, R.G FROM Sailors S, Reserves R WHERE S.A = R.G ORDER BY S.B, R.G
2024-10-10 01:11:33 INFO  ParserExample:47 - getDistanctnull
2024-10-10 01:11:33 INFO  ParserExample:43 - Read statement: SELECT S.A, B.D FROM Sailors S, Boats B WHERE S.B = B.E AND S.C > B.F
2024-10-10 01:11:33 INFO  ParserExample:47 - getDistanctnull
2024-10-10 01:11:33 INFO  ParserExample:43 - Read statement: SELECT S.A, B.D FROM Sailors S, Boats B WHERE S.B = B.E AND S.C > B.F AND 1 = 2
2024-10-10 01:11:33 INFO  ParserExample:47 - getDistanctnull
2024-10-10 01:12:20 INFO  HelperMethods:33 - Reading from: /Users/stevewang-work/github/db_practicum/build/resources/test/samples/input/db/data_human_readable/Boats
2024-10-10 01:12:20 INFO  HelperMethods:42 - Read 5 tuples from /Users/stevewang-work/github/db_practicum/build/resources/test/samples/input/db/data_human_readable/Boats
2024-10-10 01:12:20 INFO  HelperMethods:46 - Writing to: /Users/stevewang-work/github/db_practicum/build/resources/test/samples/input/db/data/Boats
2024-10-10 01:12:20 INFO  HelperMethods:52 - Written 5 tuples to /Users/stevewang-work/github/db_practicum/build/resources/test/samples/input/db/data/Boats
2024-10-10 01:12:20 INFO  HelperMethods:33 - Reading from: /Users/stevewang-work/github/db_practicum/build/resources/test/samples/input/db/data_human_readable/Reserves
2024-10-10 01:12:20 INFO  HelperMethods:42 - Read 6 tuples from /Users/stevewang-work/github/db_practicum/build/resources/test/samples/input/db/data_human_readable/Reserves
2024-10-10 01:12:20 INFO  HelperMethods:46 - Writing to: /Users/stevewang-work/github/db_practicum/build/resources/test/samples/input/db/data/Reserves
2024-10-10 01:12:20 INFO  HelperMethods:52 - Written 6 tuples to /Users/stevewang-work/github/db_practicum/build/resources/test/samples/input/db/data/Reserves
2024-10-10 01:12:20 INFO  HelperMethods:33 - Reading from: /Users/stevewang-work/github/db_practicum/build/resources/test/samples/input/db/data_human_readable/Sailors
2024-10-10 01:12:20 INFO  HelperMethods:42 - Read 6 tuples from /Users/stevewang-work/github/db_practicum/build/resources/test/samples/input/db/data_human_readable/Sailors
2024-10-10 01:12:20 INFO  HelperMethods:46 - Writing to: /Users/stevewang-work/github/db_practicum/build/resources/test/samples/input/db/data/Sailors
2024-10-10 01:12:20 INFO  HelperMethods:52 - Written 6 tuples to /Users/stevewang-work/github/db_practicum/build/resources/test/samples/input/db/data/Sailors
2024-10-10 01:39:24 INFO  HelperMethods:33 - Reading from: /Users/stevewang-work/github/db_practicum/build/resources/test/samples/input/db/data_human_readable/Boats
2024-10-10 01:39:24 INFO  HelperMethods:42 - Read 5 tuples from /Users/stevewang-work/github/db_practicum/build/resources/test/samples/input/db/data_human_readable/Boats
2024-10-10 01:39:24 INFO  HelperMethods:46 - Writing to: /Users/stevewang-work/github/db_practicum/build/resources/test/samples/input/db/data/Boats
2024-10-10 01:39:24 INFO  HelperMethods:52 - Written 5 tuples to /Users/stevewang-work/github/db_practicum/build/resources/test/samples/input/db/data/Boats
2024-10-10 01:39:24 INFO  HelperMethods:33 - Reading from: /Users/stevewang-work/github/db_practicum/build/resources/test/samples/input/db/data_human_readable/Reserves
2024-10-10 01:39:24 INFO  HelperMethods:42 - Read 6 tuples from /Users/stevewang-work/github/db_practicum/build/resources/test/samples/input/db/data_human_readable/Reserves
2024-10-10 01:39:24 INFO  HelperMethods:46 - Writing to: /Users/stevewang-work/github/db_practicum/build/resources/test/samples/input/db/data/Reserves
2024-10-10 01:39:24 INFO  HelperMethods:52 - Written 6 tuples to /Users/stevewang-work/github/db_practicum/build/resources/test/samples/input/db/data/Reserves
2024-10-10 01:39:24 INFO  HelperMethods:33 - Reading from: /Users/stevewang-work/github/db_practicum/build/resources/test/samples/input/db/data_human_readable/Sailors
2024-10-10 01:39:24 INFO  HelperMethods:42 - Read 6 tuples from /Users/stevewang-work/github/db_practicum/build/resources/test/samples/input/db/data_human_readable/Sailors
2024-10-10 01:39:24 INFO  HelperMethods:46 - Writing to: /Users/stevewang-work/github/db_practicum/build/resources/test/samples/input/db/data/Sailors
2024-10-10 01:39:24 INFO  HelperMethods:52 - Written 6 tuples to /Users/stevewang-work/github/db_practicum/build/resources/test/samples/input/db/data/Sailors
2024-10-10 01:39:44 INFO  HelperMethods:33 - Reading from: /Users/stevewang-work/github/db_practicum/build/resources/test/samples/input/db/data_human_readable/Boats
2024-10-10 01:39:44 INFO  HelperMethods:42 - Read 5 tuples from /Users/stevewang-work/github/db_practicum/build/resources/test/samples/input/db/data_human_readable/Boats
2024-10-10 01:39:44 INFO  HelperMethods:46 - Writing to: /Users/stevewang-work/github/db_practicum/build/resources/test/samples/input/db/data/Boats
2024-10-10 01:39:44 INFO  HelperMethods:52 - Written 5 tuples to /Users/stevewang-work/github/db_practicum/build/resources/test/samples/input/db/data/Boats
2024-10-10 01:39:44 INFO  HelperMethods:33 - Reading from: /Users/stevewang-work/github/db_practicum/build/resources/test/samples/input/db/data_human_readable/Reserves
2024-10-10 01:39:44 INFO  HelperMethods:42 - Read 6 tuples from /Users/stevewang-work/github/db_practicum/build/resources/test/samples/input/db/data_human_readable/Reserves
2024-10-10 01:39:44 INFO  HelperMethods:46 - Writing to: /Users/stevewang-work/github/db_practicum/build/resources/test/samples/input/db/data/Reserves
2024-10-10 01:39:44 INFO  HelperMethods:52 - Written 6 tuples to /Users/stevewang-work/github/db_practicum/build/resources/test/samples/input/db/data/Reserves
2024-10-10 01:39:44 INFO  HelperMethods:33 - Reading from: /Users/stevewang-work/github/db_practicum/build/resources/test/samples/input/db/data_human_readable/Sailors
2024-10-10 01:39:44 INFO  HelperMethods:42 - Read 6 tuples from /Users/stevewang-work/github/db_practicum/build/resources/test/samples/input/db/data_human_readable/Sailors
2024-10-10 01:39:44 INFO  HelperMethods:46 - Writing to: /Users/stevewang-work/github/db_practicum/build/resources/test/samples/input/db/data/Sailors
2024-10-10 01:39:44 INFO  HelperMethods:52 - Written 6 tuples to /Users/stevewang-work/github/db_practicum/build/resources/test/samples/input/db/data/Sailors
2024-10-10 01:39:44 INFO  ParserExample:43 - Read statement: SELECT * FROM Sailors
2024-10-10 01:39:44 INFO  ParserExample:47 - getDistanctnull
2024-10-10 01:39:44 INFO  ParserExample:43 - Read statement: SELECT Sailors.A FROM Sailors
2024-10-10 01:39:44 INFO  ParserExample:47 - getDistanctnull
2024-10-10 01:39:44 INFO  ParserExample:43 - Read statement: SELECT S.A FROM Sailors S
2024-10-10 01:39:44 INFO  ParserExample:47 - getDistanctnull
2024-10-10 01:39:44 INFO  ParserExample:43 - Read statement: SELECT * FROM Sailors S WHERE S.A < 3
2024-10-10 01:39:44 INFO  ParserExample:47 - getDistanctnull
2024-10-10 01:39:44 INFO  ParserExample:43 - Read statement: SELECT * FROM Sailors, Reserves WHERE Sailors.A = Reserves.G
2024-10-10 01:39:44 INFO  ParserExample:47 - getDistanctnull
2024-10-10 01:39:44 INFO  ParserExample:43 - Read statement: SELECT * FROM Sailors S1, Sailors S2 WHERE S1.A < S2.A
2024-10-10 01:39:44 INFO  ParserExample:47 - getDistanctnull
2024-10-10 01:39:44 INFO  ParserExample:43 - Read statement: SELECT DISTINCT R.G FROM Reserves R
2024-10-10 01:39:44 INFO  ParserExample:47 - getDistanctDISTINCT
2024-10-10 01:39:44 INFO  ParserExample:43 - Read statement: SELECT * FROM Sailors ORDER BY Sailors.B
2024-10-10 01:39:44 INFO  ParserExample:47 - getDistanctnull
2024-10-10 01:39:44 INFO  ParserExample:43 - Read statement: SELECT S.A, S.B, R.G FROM Sailors S, Reserves R ORDER BY S.B, R.G
2024-10-10 01:39:44 INFO  ParserExample:47 - getDistanctnull
2024-10-10 01:39:44 INFO  ParserExample:43 - Read statement: SELECT S.A, S.B, R.G FROM Sailors S, Reserves R WHERE S.A = R.G ORDER BY S.B, R.G
2024-10-10 01:39:44 INFO  ParserExample:47 - getDistanctnull
2024-10-10 01:39:44 INFO  ParserExample:43 - Read statement: SELECT S.A, B.D FROM Sailors S, Boats B WHERE S.B = B.E AND S.C > B.F
2024-10-10 01:39:44 INFO  ParserExample:47 - getDistanctnull
2024-10-10 01:39:44 INFO  ParserExample:43 - Read statement: SELECT S.A, B.D FROM Sailors S, Boats B WHERE S.B = B.E AND S.C > B.F AND 1 = 2
2024-10-10 01:39:44 INFO  ParserExample:47 - getDistanctnull
2024-10-10 01:58:10 INFO  HelperMethods:33 - Reading from: /Users/stevewang-work/github/db_practicum/build/resources/test/samples/input/db/data_human_readable/Boats
2024-10-10 01:58:10 INFO  HelperMethods:42 - Read 5 tuples from /Users/stevewang-work/github/db_practicum/build/resources/test/samples/input/db/data_human_readable/Boats
2024-10-10 01:58:10 INFO  HelperMethods:46 - Writing to: /Users/stevewang-work/github/db_practicum/build/resources/test/samples/input/db/data/Boats
2024-10-10 01:58:10 INFO  HelperMethods:52 - Written 5 tuples to /Users/stevewang-work/github/db_practicum/build/resources/test/samples/input/db/data/Boats
2024-10-10 01:58:10 INFO  HelperMethods:33 - Reading from: /Users/stevewang-work/github/db_practicum/build/resources/test/samples/input/db/data_human_readable/Reserves
2024-10-10 01:58:10 INFO  HelperMethods:42 - Read 6 tuples from /Users/stevewang-work/github/db_practicum/build/resources/test/samples/input/db/data_human_readable/Reserves
2024-10-10 01:58:10 INFO  HelperMethods:46 - Writing to: /Users/stevewang-work/github/db_practicum/build/resources/test/samples/input/db/data/Reserves
2024-10-10 01:58:10 INFO  HelperMethods:52 - Written 6 tuples to /Users/stevewang-work/github/db_practicum/build/resources/test/samples/input/db/data/Reserves
2024-10-10 01:58:10 INFO  HelperMethods:33 - Reading from: /Users/stevewang-work/github/db_practicum/build/resources/test/samples/input/db/data_human_readable/Sailors
2024-10-10 01:58:10 INFO  HelperMethods:42 - Read 6 tuples from /Users/stevewang-work/github/db_practicum/build/resources/test/samples/input/db/data_human_readable/Sailors
2024-10-10 01:58:10 INFO  HelperMethods:46 - Writing to: /Users/stevewang-work/github/db_practicum/build/resources/test/samples/input/db/data/Sailors
2024-10-10 01:58:10 INFO  HelperMethods:52 - Written 6 tuples to /Users/stevewang-work/github/db_practicum/build/resources/test/samples/input/db/data/Sailors
2024-10-10 01:58:10 INFO  ParserExample:43 - Read statement: SELECT * FROM Sailors
2024-10-10 01:58:10 INFO  ParserExample:47 - getDistanctnull
2024-10-10 01:58:10 INFO  ParserExample:43 - Read statement: SELECT Sailors.A FROM Sailors
2024-10-10 01:58:10 INFO  ParserExample:47 - getDistanctnull
2024-10-10 01:58:10 INFO  ParserExample:43 - Read statement: SELECT S.A FROM Sailors S
2024-10-10 01:58:10 INFO  ParserExample:47 - getDistanctnull
2024-10-10 01:58:10 INFO  ParserExample:43 - Read statement: SELECT * FROM Sailors S WHERE S.A < 3
2024-10-10 01:58:10 INFO  ParserExample:47 - getDistanctnull
2024-10-10 01:58:10 INFO  ParserExample:43 - Read statement: SELECT * FROM Sailors, Reserves WHERE Sailors.A = Reserves.G
2024-10-10 01:58:10 INFO  ParserExample:47 - getDistanctnull
2024-10-10 01:58:10 INFO  ParserExample:43 - Read statement: SELECT * FROM Sailors S1, Sailors S2 WHERE S1.A < S2.A
2024-10-10 01:58:10 INFO  ParserExample:47 - getDistanctnull
2024-10-10 01:58:10 INFO  ParserExample:43 - Read statement: SELECT DISTINCT R.G FROM Reserves R
2024-10-10 01:58:10 INFO  ParserExample:47 - getDistanctDISTINCT
2024-10-10 01:58:10 INFO  ParserExample:43 - Read statement: SELECT * FROM Sailors ORDER BY Sailors.B
2024-10-10 01:58:10 INFO  ParserExample:47 - getDistanctnull
2024-10-10 01:58:10 INFO  ParserExample:43 - Read statement: SELECT S.A, S.B, R.G FROM Sailors S, Reserves R ORDER BY S.B, R.G
2024-10-10 01:58:10 INFO  ParserExample:47 - getDistanctnull
2024-10-10 01:58:10 INFO  ParserExample:43 - Read statement: SELECT S.A, S.B, R.G FROM Sailors S, Reserves R WHERE S.A = R.G ORDER BY S.B, R.G
2024-10-10 01:58:10 INFO  ParserExample:47 - getDistanctnull
2024-10-10 01:58:10 INFO  ParserExample:43 - Read statement: SELECT S.A, B.D FROM Sailors S, Boats B WHERE S.B = B.E AND S.C > B.F
2024-10-10 01:58:10 INFO  ParserExample:47 - getDistanctnull
2024-10-10 01:58:10 INFO  ParserExample:43 - Read statement: SELECT S.A, B.D FROM Sailors S, Boats B WHERE S.B = B.E AND S.C > B.F AND 1 = 2
2024-10-10 01:58:10 INFO  ParserExample:47 - getDistanctnull
2024-10-10 02:23:39 INFO  HelperMethods:33 - Reading from: /Users/stevewang-work/github/db_practicum/build/resources/test/samples/input/db/data_human_readable/Boats
2024-10-10 02:23:39 INFO  HelperMethods:42 - Read 5 tuples from /Users/stevewang-work/github/db_practicum/build/resources/test/samples/input/db/data_human_readable/Boats
2024-10-10 02:23:39 INFO  HelperMethods:46 - Writing to: /Users/stevewang-work/github/db_practicum/build/resources/test/samples/input/db/data/Boats
2024-10-10 02:23:39 INFO  HelperMethods:52 - Written 5 tuples to /Users/stevewang-work/github/db_practicum/build/resources/test/samples/input/db/data/Boats
2024-10-10 02:23:39 INFO  HelperMethods:33 - Reading from: /Users/stevewang-work/github/db_practicum/build/resources/test/samples/input/db/data_human_readable/Reserves
2024-10-10 02:23:39 INFO  HelperMethods:42 - Read 6 tuples from /Users/stevewang-work/github/db_practicum/build/resources/test/samples/input/db/data_human_readable/Reserves
2024-10-10 02:23:39 INFO  HelperMethods:46 - Writing to: /Users/stevewang-work/github/db_practicum/build/resources/test/samples/input/db/data/Reserves
2024-10-10 02:23:39 INFO  HelperMethods:52 - Written 6 tuples to /Users/stevewang-work/github/db_practicum/build/resources/test/samples/input/db/data/Reserves
2024-10-10 02:23:39 INFO  HelperMethods:33 - Reading from: /Users/stevewang-work/github/db_practicum/build/resources/test/samples/input/db/data_human_readable/Sailors
2024-10-10 02:23:39 INFO  HelperMethods:42 - Read 6 tuples from /Users/stevewang-work/github/db_practicum/build/resources/test/samples/input/db/data_human_readable/Sailors
2024-10-10 02:23:39 INFO  HelperMethods:46 - Writing to: /Users/stevewang-work/github/db_practicum/build/resources/test/samples/input/db/data/Sailors
2024-10-10 02:23:39 INFO  HelperMethods:52 - Written 6 tuples to /Users/stevewang-work/github/db_practicum/build/resources/test/samples/input/db/data/Sailors
2024-10-10 02:23:40 INFO  ParserExample:43 - Read statement: SELECT * FROM Sailors
2024-10-10 02:23:40 INFO  ParserExample:47 - getDistanctnull
2024-10-10 02:23:40 INFO  ParserExample:43 - Read statement: SELECT Sailors.A FROM Sailors
2024-10-10 02:23:40 INFO  ParserExample:47 - getDistanctnull
2024-10-10 02:23:40 INFO  ParserExample:43 - Read statement: SELECT S.A FROM Sailors S
2024-10-10 02:23:40 INFO  ParserExample:47 - getDistanctnull
2024-10-10 02:23:40 INFO  ParserExample:43 - Read statement: SELECT * FROM Sailors S WHERE S.A < 3
2024-10-10 02:23:40 INFO  ParserExample:47 - getDistanctnull
2024-10-10 02:23:40 INFO  ParserExample:43 - Read statement: SELECT * FROM Sailors, Reserves WHERE Sailors.A = Reserves.G
2024-10-10 02:23:40 INFO  ParserExample:47 - getDistanctnull
2024-10-10 02:23:40 INFO  ParserExample:43 - Read statement: SELECT * FROM Sailors S1, Sailors S2 WHERE S1.A < S2.A
2024-10-10 02:23:40 INFO  ParserExample:47 - getDistanctnull
2024-10-10 02:23:40 INFO  ParserExample:43 - Read statement: SELECT DISTINCT R.G FROM Reserves R
2024-10-10 02:23:40 INFO  ParserExample:47 - getDistanctDISTINCT
2024-10-10 02:23:40 INFO  ParserExample:43 - Read statement: SELECT * FROM Sailors ORDER BY Sailors.B
2024-10-10 02:23:40 INFO  ParserExample:47 - getDistanctnull
2024-10-10 02:23:40 INFO  ParserExample:43 - Read statement: SELECT S.A, S.B, R.G FROM Sailors S, Reserves R ORDER BY S.B, R.G
2024-10-10 02:23:40 INFO  ParserExample:47 - getDistanctnull
2024-10-10 02:23:40 INFO  ParserExample:43 - Read statement: SELECT S.A, S.B, R.G FROM Sailors S, Reserves R WHERE S.A = R.G ORDER BY S.B, R.G
2024-10-10 02:23:40 INFO  ParserExample:47 - getDistanctnull
2024-10-10 02:23:40 INFO  ParserExample:43 - Read statement: SELECT S.A, B.D FROM Sailors S, Boats B WHERE S.B = B.E AND S.C > B.F
2024-10-10 02:23:40 INFO  ParserExample:47 - getDistanctnull
2024-10-10 02:23:40 INFO  ParserExample:43 - Read statement: SELECT S.A, B.D FROM Sailors S, Boats B WHERE S.B = B.E AND S.C > B.F AND 1 = 2
2024-10-10 02:23:40 INFO  ParserExample:47 - getDistanctnull
2024-10-10 02:44:04 INFO  HelperMethods:33 - Reading from: /Users/stevewang-work/github/db_practicum/build/resources/test/samples/input/db/data_human_readable/Boats
2024-10-10 02:44:04 INFO  HelperMethods:42 - Read 5 tuples from /Users/stevewang-work/github/db_practicum/build/resources/test/samples/input/db/data_human_readable/Boats
2024-10-10 02:44:04 INFO  HelperMethods:46 - Writing to: /Users/stevewang-work/github/db_practicum/build/resources/test/samples/input/db/data/Boats
2024-10-10 02:44:04 INFO  HelperMethods:52 - Written 5 tuples to /Users/stevewang-work/github/db_practicum/build/resources/test/samples/input/db/data/Boats
2024-10-10 02:44:04 INFO  HelperMethods:33 - Reading from: /Users/stevewang-work/github/db_practicum/build/resources/test/samples/input/db/data_human_readable/Reserves
2024-10-10 02:44:04 INFO  HelperMethods:42 - Read 6 tuples from /Users/stevewang-work/github/db_practicum/build/resources/test/samples/input/db/data_human_readable/Reserves
2024-10-10 02:44:04 INFO  HelperMethods:46 - Writing to: /Users/stevewang-work/github/db_practicum/build/resources/test/samples/input/db/data/Reserves
2024-10-10 02:44:04 INFO  HelperMethods:52 - Written 6 tuples to /Users/stevewang-work/github/db_practicum/build/resources/test/samples/input/db/data/Reserves
2024-10-10 02:44:04 INFO  HelperMethods:33 - Reading from: /Users/stevewang-work/github/db_practicum/build/resources/test/samples/input/db/data_human_readable/Sailors
2024-10-10 02:44:04 INFO  HelperMethods:42 - Read 6 tuples from /Users/stevewang-work/github/db_practicum/build/resources/test/samples/input/db/data_human_readable/Sailors
2024-10-10 02:44:04 INFO  HelperMethods:46 - Writing to: /Users/stevewang-work/github/db_practicum/build/resources/test/samples/input/db/data/Sailors
2024-10-10 02:44:04 INFO  HelperMethods:52 - Written 6 tuples to /Users/stevewang-work/github/db_practicum/build/resources/test/samples/input/db/data/Sailors
2024-10-10 02:44:33 INFO  HelperMethods:33 - Reading from: /Users/stevewang-work/github/db_practicum/build/resources/test/samples/input/db/data_human_readable/Boats
2024-10-10 02:44:33 INFO  HelperMethods:42 - Read 5 tuples from /Users/stevewang-work/github/db_practicum/build/resources/test/samples/input/db/data_human_readable/Boats
2024-10-10 02:44:33 INFO  HelperMethods:46 - Writing to: /Users/stevewang-work/github/db_practicum/build/resources/test/samples/input/db/data/Boats
2024-10-10 02:44:33 INFO  HelperMethods:52 - Written 5 tuples to /Users/stevewang-work/github/db_practicum/build/resources/test/samples/input/db/data/Boats
2024-10-10 02:44:33 INFO  HelperMethods:33 - Reading from: /Users/stevewang-work/github/db_practicum/build/resources/test/samples/input/db/data_human_readable/Reserves
2024-10-10 02:44:33 INFO  HelperMethods:42 - Read 6 tuples from /Users/stevewang-work/github/db_practicum/build/resources/test/samples/input/db/data_human_readable/Reserves
2024-10-10 02:44:33 INFO  HelperMethods:46 - Writing to: /Users/stevewang-work/github/db_practicum/build/resources/test/samples/input/db/data/Reserves
2024-10-10 02:44:33 INFO  HelperMethods:52 - Written 6 tuples to /Users/stevewang-work/github/db_practicum/build/resources/test/samples/input/db/data/Reserves
2024-10-10 02:44:33 INFO  HelperMethods:33 - Reading from: /Users/stevewang-work/github/db_practicum/build/resources/test/samples/input/db/data_human_readable/Sailors
2024-10-10 02:44:33 INFO  HelperMethods:42 - Read 6 tuples from /Users/stevewang-work/github/db_practicum/build/resources/test/samples/input/db/data_human_readable/Sailors
2024-10-10 02:44:33 INFO  HelperMethods:46 - Writing to: /Users/stevewang-work/github/db_practicum/build/resources/test/samples/input/db/data/Sailors
2024-10-10 02:44:33 INFO  HelperMethods:52 - Written 6 tuples to /Users/stevewang-work/github/db_practicum/build/resources/test/samples/input/db/data/Sailors
2024-10-10 02:51:14 INFO  HelperMethods:33 - Reading from: /Users/stevewang-work/github/db_practicum/build/resources/test/samples/input/db/data_human_readable/Boats
2024-10-10 02:51:14 INFO  HelperMethods:42 - Read 5 tuples from /Users/stevewang-work/github/db_practicum/build/resources/test/samples/input/db/data_human_readable/Boats
2024-10-10 02:51:14 INFO  HelperMethods:46 - Writing to: /Users/stevewang-work/github/db_practicum/build/resources/test/samples/input/db/data/Boats
2024-10-10 02:51:14 INFO  HelperMethods:52 - Written 5 tuples to /Users/stevewang-work/github/db_practicum/build/resources/test/samples/input/db/data/Boats
2024-10-10 02:51:14 INFO  HelperMethods:33 - Reading from: /Users/stevewang-work/github/db_practicum/build/resources/test/samples/input/db/data_human_readable/Reserves
2024-10-10 02:51:14 INFO  HelperMethods:42 - Read 6 tuples from /Users/stevewang-work/github/db_practicum/build/resources/test/samples/input/db/data_human_readable/Reserves
2024-10-10 02:51:14 INFO  HelperMethods:46 - Writing to: /Users/stevewang-work/github/db_practicum/build/resources/test/samples/input/db/data/Reserves
2024-10-10 02:51:14 INFO  HelperMethods:52 - Written 6 tuples to /Users/stevewang-work/github/db_practicum/build/resources/test/samples/input/db/data/Reserves
2024-10-10 02:51:14 INFO  HelperMethods:33 - Reading from: /Users/stevewang-work/github/db_practicum/build/resources/test/samples/input/db/data_human_readable/Sailors
2024-10-10 02:51:14 INFO  HelperMethods:42 - Read 6 tuples from /Users/stevewang-work/github/db_practicum/build/resources/test/samples/input/db/data_human_readable/Sailors
2024-10-10 02:51:14 INFO  HelperMethods:46 - Writing to: /Users/stevewang-work/github/db_practicum/build/resources/test/samples/input/db/data/Sailors
2024-10-10 02:51:14 INFO  HelperMethods:52 - Written 6 tuples to /Users/stevewang-work/github/db_practicum/build/resources/test/samples/input/db/data/Sailors
2024-10-10 02:51:25 INFO  HelperMethods:33 - Reading from: /Users/stevewang-work/github/db_practicum/build/resources/test/samples/input/db/data_human_readable/Boats
2024-10-10 02:51:25 INFO  HelperMethods:42 - Read 5 tuples from /Users/stevewang-work/github/db_practicum/build/resources/test/samples/input/db/data_human_readable/Boats
2024-10-10 02:51:25 INFO  HelperMethods:46 - Writing to: /Users/stevewang-work/github/db_practicum/build/resources/test/samples/input/db/data/Boats
2024-10-10 02:51:25 INFO  HelperMethods:52 - Written 5 tuples to /Users/stevewang-work/github/db_practicum/build/resources/test/samples/input/db/data/Boats
2024-10-10 02:51:25 INFO  HelperMethods:33 - Reading from: /Users/stevewang-work/github/db_practicum/build/resources/test/samples/input/db/data_human_readable/Reserves
2024-10-10 02:51:25 INFO  HelperMethods:42 - Read 6 tuples from /Users/stevewang-work/github/db_practicum/build/resources/test/samples/input/db/data_human_readable/Reserves
2024-10-10 02:51:25 INFO  HelperMethods:46 - Writing to: /Users/stevewang-work/github/db_practicum/build/resources/test/samples/input/db/data/Reserves
2024-10-10 02:51:25 INFO  HelperMethods:52 - Written 6 tuples to /Users/stevewang-work/github/db_practicum/build/resources/test/samples/input/db/data/Reserves
2024-10-10 02:51:25 INFO  HelperMethods:33 - Reading from: /Users/stevewang-work/github/db_practicum/build/resources/test/samples/input/db/data_human_readable/Sailors
2024-10-10 02:51:25 INFO  HelperMethods:42 - Read 6 tuples from /Users/stevewang-work/github/db_practicum/build/resources/test/samples/input/db/data_human_readable/Sailors
2024-10-10 02:51:25 INFO  HelperMethods:46 - Writing to: /Users/stevewang-work/github/db_practicum/build/resources/test/samples/input/db/data/Sailors
2024-10-10 02:51:25 INFO  HelperMethods:52 - Written 6 tuples to /Users/stevewang-work/github/db_practicum/build/resources/test/samples/input/db/data/Sailors
2024-10-10 03:19:13 INFO  HelperMethods:33 - Reading from: /Users/stevewang-work/github/db_practicum/build/resources/test/samples/input/db/data_human_readable/Boats
2024-10-10 03:19:13 INFO  HelperMethods:42 - Read 5 tuples from /Users/stevewang-work/github/db_practicum/build/resources/test/samples/input/db/data_human_readable/Boats
2024-10-10 03:19:13 INFO  HelperMethods:46 - Writing to: /Users/stevewang-work/github/db_practicum/build/resources/test/samples/input/db/data/Boats
2024-10-10 03:19:13 INFO  HelperMethods:52 - Written 5 tuples to /Users/stevewang-work/github/db_practicum/build/resources/test/samples/input/db/data/Boats
2024-10-10 03:19:13 INFO  HelperMethods:33 - Reading from: /Users/stevewang-work/github/db_practicum/build/resources/test/samples/input/db/data_human_readable/Reserves
2024-10-10 03:19:13 INFO  HelperMethods:42 - Read 6 tuples from /Users/stevewang-work/github/db_practicum/build/resources/test/samples/input/db/data_human_readable/Reserves
2024-10-10 03:19:13 INFO  HelperMethods:46 - Writing to: /Users/stevewang-work/github/db_practicum/build/resources/test/samples/input/db/data/Reserves
2024-10-10 03:19:13 INFO  HelperMethods:52 - Written 6 tuples to /Users/stevewang-work/github/db_practicum/build/resources/test/samples/input/db/data/Reserves
2024-10-10 03:19:13 INFO  HelperMethods:33 - Reading from: /Users/stevewang-work/github/db_practicum/build/resources/test/samples/input/db/data_human_readable/Sailors
2024-10-10 03:19:13 INFO  HelperMethods:42 - Read 6 tuples from /Users/stevewang-work/github/db_practicum/build/resources/test/samples/input/db/data_human_readable/Sailors
2024-10-10 03:19:13 INFO  HelperMethods:46 - Writing to: /Users/stevewang-work/github/db_practicum/build/resources/test/samples/input/db/data/Sailors
2024-10-10 03:19:13 INFO  HelperMethods:52 - Written 6 tuples to /Users/stevewang-work/github/db_practicum/build/resources/test/samples/input/db/data/Sailors
2024-10-10 03:19:14 INFO  ParserExample:43 - Read statement: SELECT * FROM Sailors
2024-10-10 03:19:14 INFO  ParserExample:47 - getDistanctnull
2024-10-10 03:19:14 INFO  ParserExample:43 - Read statement: SELECT Sailors.A FROM Sailors
2024-10-10 03:19:14 INFO  ParserExample:47 - getDistanctnull
2024-10-10 03:19:14 INFO  ParserExample:43 - Read statement: SELECT S.A FROM Sailors S
2024-10-10 03:19:14 INFO  ParserExample:47 - getDistanctnull
2024-10-10 03:19:14 INFO  ParserExample:43 - Read statement: SELECT * FROM Sailors S WHERE S.A < 3
2024-10-10 03:19:14 INFO  ParserExample:47 - getDistanctnull
2024-10-10 03:19:14 INFO  ParserExample:43 - Read statement: SELECT * FROM Sailors, Reserves WHERE Sailors.A = Reserves.G
2024-10-10 03:19:14 INFO  ParserExample:47 - getDistanctnull
2024-10-10 03:19:14 INFO  ParserExample:43 - Read statement: SELECT * FROM Sailors S1, Sailors S2 WHERE S1.A < S2.A
2024-10-10 03:19:14 INFO  ParserExample:47 - getDistanctnull
2024-10-10 03:19:14 INFO  ParserExample:43 - Read statement: SELECT DISTINCT R.G FROM Reserves R
2024-10-10 03:19:14 INFO  ParserExample:47 - getDistanctDISTINCT
2024-10-10 03:19:14 INFO  ParserExample:43 - Read statement: SELECT * FROM Sailors ORDER BY Sailors.B
2024-10-10 03:19:14 INFO  ParserExample:47 - getDistanctnull
2024-10-10 03:19:14 INFO  ParserExample:43 - Read statement: SELECT S.A, S.B, R.G FROM Sailors S, Reserves R ORDER BY S.B, R.G
2024-10-10 03:19:14 INFO  ParserExample:47 - getDistanctnull
2024-10-10 03:19:14 INFO  ParserExample:43 - Read statement: SELECT S.A, S.B, R.G FROM Sailors S, Reserves R WHERE S.A = R.G ORDER BY S.B, R.G
2024-10-10 03:19:14 INFO  ParserExample:47 - getDistanctnull
2024-10-10 03:19:14 INFO  ParserExample:43 - Read statement: SELECT S.A, B.D FROM Sailors S, Boats B WHERE S.B = B.E AND S.C > B.F AND 1 = 2
2024-10-10 03:19:14 INFO  ParserExample:47 - getDistanctnull
2024-10-10 03:19:24 INFO  Compiler:53 - Processing query: SELECT * FROM Sailors
2024-10-10 03:19:24 ERROR ScanOperator:41 - Error creating BinaryTupleReader: 
java.io.FileNotFoundException: /Users/stevewang-work/github/db_practicum/./src/test/resources/samples/input/db/data/Sailors (No such file or directory)
	at java.io.FileInputStream.open0(Native Method) ~[?:?]
	at java.io.FileInputStream.open(FileInputStream.java:213) ~[?:?]
	at java.io.FileInputStream.<init>(FileInputStream.java:152) ~[?:?]
	at java.io.FileInputStream.<init>(FileInputStream.java:106) ~[?:?]
	at common.BinaryTupleReader.<init>(BinaryTupleReader.java:31) ~[db_practicum_steve_haorun-1.jar:1]
	at common.BinaryTupleReader.<init>(BinaryTupleReader.java:24) ~[db_practicum_steve_haorun-1.jar:1]
	at physicaloperator.ScanOperator.<init>(ScanOperator.java:39) [db_practicum_steve_haorun-1.jar:1]
	at common.QueryPlanBuilder.buildPlan(QueryPlanBuilder.java:66) [db_practicum_steve_haorun-1.jar:1]
	at compiler.Compiler.main(Compiler.java:56) [db_practicum_steve_haorun-1.jar:1]
2024-10-10 03:19:24 ERROR Compiler:66 - Cannot invoke "common.BinaryTupleReader.getNextTuple()" because "this.tupleReader" is null
2024-10-10 03:19:24 INFO  Compiler:53 - Processing query: SELECT Sailors.A FROM Sailors
2024-10-10 03:19:24 ERROR ScanOperator:41 - Error creating BinaryTupleReader: 
java.io.FileNotFoundException: /Users/stevewang-work/github/db_practicum/./src/test/resources/samples/input/db/data/Sailors (No such file or directory)
	at java.io.FileInputStream.open0(Native Method) ~[?:?]
	at java.io.FileInputStream.open(FileInputStream.java:213) ~[?:?]
	at java.io.FileInputStream.<init>(FileInputStream.java:152) ~[?:?]
	at java.io.FileInputStream.<init>(FileInputStream.java:106) ~[?:?]
	at common.BinaryTupleReader.<init>(BinaryTupleReader.java:31) ~[db_practicum_steve_haorun-1.jar:1]
	at common.BinaryTupleReader.<init>(BinaryTupleReader.java:24) ~[db_practicum_steve_haorun-1.jar:1]
	at physicaloperator.ScanOperator.<init>(ScanOperator.java:39) [db_practicum_steve_haorun-1.jar:1]
	at common.QueryPlanBuilder.buildPlan(QueryPlanBuilder.java:66) [db_practicum_steve_haorun-1.jar:1]
	at compiler.Compiler.main(Compiler.java:56) [db_practicum_steve_haorun-1.jar:1]
2024-10-10 03:19:24 ERROR Compiler:66 - Cannot invoke "common.BinaryTupleReader.getNextTuple()" because "this.tupleReader" is null
2024-10-10 03:19:24 INFO  Compiler:53 - Processing query: SELECT S.A FROM Sailors S
2024-10-10 03:19:24 ERROR ScanOperator:41 - Error creating BinaryTupleReader: 
java.io.FileNotFoundException: /Users/stevewang-work/github/db_practicum/./src/test/resources/samples/input/db/data/Sailors (No such file or directory)
	at java.io.FileInputStream.open0(Native Method) ~[?:?]
	at java.io.FileInputStream.open(FileInputStream.java:213) ~[?:?]
	at java.io.FileInputStream.<init>(FileInputStream.java:152) ~[?:?]
	at java.io.FileInputStream.<init>(FileInputStream.java:106) ~[?:?]
	at common.BinaryTupleReader.<init>(BinaryTupleReader.java:31) ~[db_practicum_steve_haorun-1.jar:1]
	at common.BinaryTupleReader.<init>(BinaryTupleReader.java:24) ~[db_practicum_steve_haorun-1.jar:1]
	at physicaloperator.ScanOperator.<init>(ScanOperator.java:39) [db_practicum_steve_haorun-1.jar:1]
	at common.QueryPlanBuilder.buildPlan(QueryPlanBuilder.java:66) [db_practicum_steve_haorun-1.jar:1]
	at compiler.Compiler.main(Compiler.java:56) [db_practicum_steve_haorun-1.jar:1]
2024-10-10 03:19:24 ERROR Compiler:66 - Cannot invoke "common.BinaryTupleReader.getNextTuple()" because "this.tupleReader" is null
2024-10-10 03:19:24 INFO  Compiler:53 - Processing query: SELECT * FROM Sailors S WHERE S.A < 3
2024-10-10 03:19:24 ERROR ScanOperator:41 - Error creating BinaryTupleReader: 
java.io.FileNotFoundException: /Users/stevewang-work/github/db_practicum/./src/test/resources/samples/input/db/data/Sailors (No such file or directory)
	at java.io.FileInputStream.open0(Native Method) ~[?:?]
	at java.io.FileInputStream.open(FileInputStream.java:213) ~[?:?]
	at java.io.FileInputStream.<init>(FileInputStream.java:152) ~[?:?]
	at java.io.FileInputStream.<init>(FileInputStream.java:106) ~[?:?]
	at common.BinaryTupleReader.<init>(BinaryTupleReader.java:31) ~[db_practicum_steve_haorun-1.jar:1]
	at common.BinaryTupleReader.<init>(BinaryTupleReader.java:24) ~[db_practicum_steve_haorun-1.jar:1]
	at physicaloperator.ScanOperator.<init>(ScanOperator.java:39) [db_practicum_steve_haorun-1.jar:1]
	at common.QueryPlanBuilder.buildPlan(QueryPlanBuilder.java:66) [db_practicum_steve_haorun-1.jar:1]
	at compiler.Compiler.main(Compiler.java:56) [db_practicum_steve_haorun-1.jar:1]
2024-10-10 03:19:24 ERROR Compiler:66 - Cannot invoke "common.BinaryTupleReader.getNextTuple()" because "this.tupleReader" is null
2024-10-10 03:19:24 INFO  Compiler:53 - Processing query: SELECT * FROM Sailors, Reserves WHERE Sailors.A = Reserves.G
2024-10-10 03:19:24 ERROR ScanOperator:41 - Error creating BinaryTupleReader: 
java.io.FileNotFoundException: /Users/stevewang-work/github/db_practicum/./src/test/resources/samples/input/db/data/Sailors (No such file or directory)
	at java.io.FileInputStream.open0(Native Method) ~[?:?]
	at java.io.FileInputStream.open(FileInputStream.java:213) ~[?:?]
	at java.io.FileInputStream.<init>(FileInputStream.java:152) ~[?:?]
	at java.io.FileInputStream.<init>(FileInputStream.java:106) ~[?:?]
	at common.BinaryTupleReader.<init>(BinaryTupleReader.java:31) ~[db_practicum_steve_haorun-1.jar:1]
	at common.BinaryTupleReader.<init>(BinaryTupleReader.java:24) ~[db_practicum_steve_haorun-1.jar:1]
	at physicaloperator.ScanOperator.<init>(ScanOperator.java:39) [db_practicum_steve_haorun-1.jar:1]
	at common.QueryPlanBuilder.buildPlan(QueryPlanBuilder.java:66) [db_practicum_steve_haorun-1.jar:1]
	at compiler.Compiler.main(Compiler.java:56) [db_practicum_steve_haorun-1.jar:1]
2024-10-10 03:19:24 ERROR ScanOperator:41 - Error creating BinaryTupleReader: 
java.io.FileNotFoundException: /Users/stevewang-work/github/db_practicum/./src/test/resources/samples/input/db/data/Reserves (No such file or directory)
	at java.io.FileInputStream.open0(Native Method) ~[?:?]
	at java.io.FileInputStream.open(FileInputStream.java:213) ~[?:?]
	at java.io.FileInputStream.<init>(FileInputStream.java:152) ~[?:?]
	at java.io.FileInputStream.<init>(FileInputStream.java:106) ~[?:?]
	at common.BinaryTupleReader.<init>(BinaryTupleReader.java:31) ~[db_practicum_steve_haorun-1.jar:1]
	at common.BinaryTupleReader.<init>(BinaryTupleReader.java:24) ~[db_practicum_steve_haorun-1.jar:1]
	at physicaloperator.ScanOperator.<init>(ScanOperator.java:39) [db_practicum_steve_haorun-1.jar:1]
	at common.QueryPlanBuilder.buildPlan(QueryPlanBuilder.java:109) [db_practicum_steve_haorun-1.jar:1]
	at compiler.Compiler.main(Compiler.java:56) [db_practicum_steve_haorun-1.jar:1]
2024-10-10 03:19:24 ERROR Compiler:66 - Cannot invoke "common.BinaryTupleReader.getNextTuple()" because "this.tupleReader" is null
2024-10-10 03:19:24 INFO  Compiler:53 - Processing query: SELECT * FROM Sailors S1, Sailors S2 WHERE S1.A < S2.A
2024-10-10 03:19:24 ERROR ScanOperator:41 - Error creating BinaryTupleReader: 
java.io.FileNotFoundException: /Users/stevewang-work/github/db_practicum/./src/test/resources/samples/input/db/data/Sailors (No such file or directory)
	at java.io.FileInputStream.open0(Native Method) ~[?:?]
	at java.io.FileInputStream.open(FileInputStream.java:213) ~[?:?]
	at java.io.FileInputStream.<init>(FileInputStream.java:152) ~[?:?]
	at java.io.FileInputStream.<init>(FileInputStream.java:106) ~[?:?]
	at common.BinaryTupleReader.<init>(BinaryTupleReader.java:31) ~[db_practicum_steve_haorun-1.jar:1]
	at common.BinaryTupleReader.<init>(BinaryTupleReader.java:24) ~[db_practicum_steve_haorun-1.jar:1]
	at physicaloperator.ScanOperator.<init>(ScanOperator.java:39) [db_practicum_steve_haorun-1.jar:1]
	at common.QueryPlanBuilder.buildPlan(QueryPlanBuilder.java:66) [db_practicum_steve_haorun-1.jar:1]
	at compiler.Compiler.main(Compiler.java:56) [db_practicum_steve_haorun-1.jar:1]
2024-10-10 03:19:24 ERROR ScanOperator:41 - Error creating BinaryTupleReader: 
java.io.FileNotFoundException: /Users/stevewang-work/github/db_practicum/./src/test/resources/samples/input/db/data/Sailors (No such file or directory)
	at java.io.FileInputStream.open0(Native Method) ~[?:?]
	at java.io.FileInputStream.open(FileInputStream.java:213) ~[?:?]
	at java.io.FileInputStream.<init>(FileInputStream.java:152) ~[?:?]
	at java.io.FileInputStream.<init>(FileInputStream.java:106) ~[?:?]
	at common.BinaryTupleReader.<init>(BinaryTupleReader.java:31) ~[db_practicum_steve_haorun-1.jar:1]
	at common.BinaryTupleReader.<init>(BinaryTupleReader.java:24) ~[db_practicum_steve_haorun-1.jar:1]
	at physicaloperator.ScanOperator.<init>(ScanOperator.java:39) [db_practicum_steve_haorun-1.jar:1]
	at common.QueryPlanBuilder.buildPlan(QueryPlanBuilder.java:109) [db_practicum_steve_haorun-1.jar:1]
	at compiler.Compiler.main(Compiler.java:56) [db_practicum_steve_haorun-1.jar:1]
2024-10-10 03:19:24 ERROR Compiler:66 - Cannot invoke "common.BinaryTupleReader.getNextTuple()" because "this.tupleReader" is null
2024-10-10 03:19:24 INFO  Compiler:53 - Processing query: SELECT DISTINCT R.G FROM Reserves R
2024-10-10 03:19:24 ERROR ScanOperator:41 - Error creating BinaryTupleReader: 
java.io.FileNotFoundException: /Users/stevewang-work/github/db_practicum/./src/test/resources/samples/input/db/data/Reserves (No such file or directory)
	at java.io.FileInputStream.open0(Native Method) ~[?:?]
	at java.io.FileInputStream.open(FileInputStream.java:213) ~[?:?]
	at java.io.FileInputStream.<init>(FileInputStream.java:152) ~[?:?]
	at java.io.FileInputStream.<init>(FileInputStream.java:106) ~[?:?]
	at common.BinaryTupleReader.<init>(BinaryTupleReader.java:31) ~[db_practicum_steve_haorun-1.jar:1]
	at common.BinaryTupleReader.<init>(BinaryTupleReader.java:24) ~[db_practicum_steve_haorun-1.jar:1]
	at physicaloperator.ScanOperator.<init>(ScanOperator.java:39) [db_practicum_steve_haorun-1.jar:1]
	at common.QueryPlanBuilder.buildPlan(QueryPlanBuilder.java:66) [db_practicum_steve_haorun-1.jar:1]
	at compiler.Compiler.main(Compiler.java:56) [db_practicum_steve_haorun-1.jar:1]
2024-10-10 03:19:24 ERROR Compiler:66 - Cannot invoke "common.BinaryTupleReader.getNextTuple()" because "this.tupleReader" is null
2024-10-10 03:19:24 INFO  Compiler:53 - Processing query: SELECT * FROM Sailors ORDER BY Sailors.B
2024-10-10 03:19:24 ERROR ScanOperator:41 - Error creating BinaryTupleReader: 
java.io.FileNotFoundException: /Users/stevewang-work/github/db_practicum/./src/test/resources/samples/input/db/data/Sailors (No such file or directory)
	at java.io.FileInputStream.open0(Native Method) ~[?:?]
	at java.io.FileInputStream.open(FileInputStream.java:213) ~[?:?]
	at java.io.FileInputStream.<init>(FileInputStream.java:152) ~[?:?]
	at java.io.FileInputStream.<init>(FileInputStream.java:106) ~[?:?]
	at common.BinaryTupleReader.<init>(BinaryTupleReader.java:31) ~[db_practicum_steve_haorun-1.jar:1]
	at common.BinaryTupleReader.<init>(BinaryTupleReader.java:24) ~[db_practicum_steve_haorun-1.jar:1]
	at physicaloperator.ScanOperator.<init>(ScanOperator.java:39) [db_practicum_steve_haorun-1.jar:1]
	at common.QueryPlanBuilder.buildPlan(QueryPlanBuilder.java:66) [db_practicum_steve_haorun-1.jar:1]
	at compiler.Compiler.main(Compiler.java:56) [db_practicum_steve_haorun-1.jar:1]
2024-10-10 03:19:24 ERROR Compiler:66 - Cannot invoke "common.BinaryTupleReader.getNextTuple()" because "this.tupleReader" is null
2024-10-10 03:19:24 INFO  Compiler:53 - Processing query: SELECT S.A, S.B, R.G FROM Sailors S, Reserves R ORDER BY S.B, R.G
2024-10-10 03:19:24 ERROR ScanOperator:41 - Error creating BinaryTupleReader: 
java.io.FileNotFoundException: /Users/stevewang-work/github/db_practicum/./src/test/resources/samples/input/db/data/Sailors (No such file or directory)
	at java.io.FileInputStream.open0(Native Method) ~[?:?]
	at java.io.FileInputStream.open(FileInputStream.java:213) ~[?:?]
	at java.io.FileInputStream.<init>(FileInputStream.java:152) ~[?:?]
	at java.io.FileInputStream.<init>(FileInputStream.java:106) ~[?:?]
	at common.BinaryTupleReader.<init>(BinaryTupleReader.java:31) ~[db_practicum_steve_haorun-1.jar:1]
	at common.BinaryTupleReader.<init>(BinaryTupleReader.java:24) ~[db_practicum_steve_haorun-1.jar:1]
	at physicaloperator.ScanOperator.<init>(ScanOperator.java:39) [db_practicum_steve_haorun-1.jar:1]
	at common.QueryPlanBuilder.buildPlan(QueryPlanBuilder.java:66) [db_practicum_steve_haorun-1.jar:1]
	at compiler.Compiler.main(Compiler.java:56) [db_practicum_steve_haorun-1.jar:1]
2024-10-10 03:19:24 ERROR ScanOperator:41 - Error creating BinaryTupleReader: 
java.io.FileNotFoundException: /Users/stevewang-work/github/db_practicum/./src/test/resources/samples/input/db/data/Reserves (No such file or directory)
	at java.io.FileInputStream.open0(Native Method) ~[?:?]
	at java.io.FileInputStream.open(FileInputStream.java:213) ~[?:?]
	at java.io.FileInputStream.<init>(FileInputStream.java:152) ~[?:?]
	at java.io.FileInputStream.<init>(FileInputStream.java:106) ~[?:?]
	at common.BinaryTupleReader.<init>(BinaryTupleReader.java:31) ~[db_practicum_steve_haorun-1.jar:1]
	at common.BinaryTupleReader.<init>(BinaryTupleReader.java:24) ~[db_practicum_steve_haorun-1.jar:1]
	at physicaloperator.ScanOperator.<init>(ScanOperator.java:39) [db_practicum_steve_haorun-1.jar:1]
	at common.QueryPlanBuilder.buildPlan(QueryPlanBuilder.java:78) [db_practicum_steve_haorun-1.jar:1]
	at compiler.Compiler.main(Compiler.java:56) [db_practicum_steve_haorun-1.jar:1]
2024-10-10 03:19:24 ERROR Compiler:66 - Cannot invoke "common.BinaryTupleReader.getNextTuple()" because "this.tupleReader" is null
2024-10-10 03:19:24 INFO  Compiler:53 - Processing query: SELECT S.A, S.B, R.G FROM Sailors S, Reserves R WHERE S.A = R.G ORDER BY S.B, R.G
2024-10-10 03:19:24 ERROR ScanOperator:41 - Error creating BinaryTupleReader: 
java.io.FileNotFoundException: /Users/stevewang-work/github/db_practicum/./src/test/resources/samples/input/db/data/Sailors (No such file or directory)
	at java.io.FileInputStream.open0(Native Method) ~[?:?]
	at java.io.FileInputStream.open(FileInputStream.java:213) ~[?:?]
	at java.io.FileInputStream.<init>(FileInputStream.java:152) ~[?:?]
	at java.io.FileInputStream.<init>(FileInputStream.java:106) ~[?:?]
	at common.BinaryTupleReader.<init>(BinaryTupleReader.java:31) ~[db_practicum_steve_haorun-1.jar:1]
	at common.BinaryTupleReader.<init>(BinaryTupleReader.java:24) ~[db_practicum_steve_haorun-1.jar:1]
	at physicaloperator.ScanOperator.<init>(ScanOperator.java:39) [db_practicum_steve_haorun-1.jar:1]
	at common.QueryPlanBuilder.buildPlan(QueryPlanBuilder.java:66) [db_practicum_steve_haorun-1.jar:1]
	at compiler.Compiler.main(Compiler.java:56) [db_practicum_steve_haorun-1.jar:1]
2024-10-10 03:19:24 ERROR ScanOperator:41 - Error creating BinaryTupleReader: 
java.io.FileNotFoundException: /Users/stevewang-work/github/db_practicum/./src/test/resources/samples/input/db/data/Reserves (No such file or directory)
	at java.io.FileInputStream.open0(Native Method) ~[?:?]
	at java.io.FileInputStream.open(FileInputStream.java:213) ~[?:?]
	at java.io.FileInputStream.<init>(FileInputStream.java:152) ~[?:?]
	at java.io.FileInputStream.<init>(FileInputStream.java:106) ~[?:?]
	at common.BinaryTupleReader.<init>(BinaryTupleReader.java:31) ~[db_practicum_steve_haorun-1.jar:1]
	at common.BinaryTupleReader.<init>(BinaryTupleReader.java:24) ~[db_practicum_steve_haorun-1.jar:1]
	at physicaloperator.ScanOperator.<init>(ScanOperator.java:39) [db_practicum_steve_haorun-1.jar:1]
	at common.QueryPlanBuilder.buildPlan(QueryPlanBuilder.java:109) [db_practicum_steve_haorun-1.jar:1]
	at compiler.Compiler.main(Compiler.java:56) [db_practicum_steve_haorun-1.jar:1]
2024-10-10 03:19:24 ERROR Compiler:66 - Cannot invoke "common.BinaryTupleReader.getNextTuple()" because "this.tupleReader" is null
2024-10-10 03:19:24 INFO  Compiler:53 - Processing query: SELECT S.A, B.D FROM Sailors S, Boats B WHERE S.B = B.E AND S.C > B.F AND 1 = 2
2024-10-10 03:19:24 ERROR ScanOperator:41 - Error creating BinaryTupleReader: 
java.io.FileNotFoundException: /Users/stevewang-work/github/db_practicum/./src/test/resources/samples/input/db/data/Sailors (No such file or directory)
	at java.io.FileInputStream.open0(Native Method) ~[?:?]
	at java.io.FileInputStream.open(FileInputStream.java:213) ~[?:?]
	at java.io.FileInputStream.<init>(FileInputStream.java:152) ~[?:?]
	at java.io.FileInputStream.<init>(FileInputStream.java:106) ~[?:?]
	at common.BinaryTupleReader.<init>(BinaryTupleReader.java:31) ~[db_practicum_steve_haorun-1.jar:1]
	at common.BinaryTupleReader.<init>(BinaryTupleReader.java:24) ~[db_practicum_steve_haorun-1.jar:1]
	at physicaloperator.ScanOperator.<init>(ScanOperator.java:39) [db_practicum_steve_haorun-1.jar:1]
	at common.QueryPlanBuilder.buildPlan(QueryPlanBuilder.java:66) [db_practicum_steve_haorun-1.jar:1]
	at compiler.Compiler.main(Compiler.java:56) [db_practicum_steve_haorun-1.jar:1]
2024-10-10 03:19:24 ERROR Compiler:66 - Cannot invoke "java.util.ArrayList.size()" because the return value of "physicaloperator.Operator.getOutputSchema()" is null
2024-10-10 03:42:14 INFO  Compiler:53 - Processing query: SELECT * FROM Sailors
2024-10-10 03:42:14 INFO  Compiler:53 - Processing query: SELECT Sailors.A FROM Sailors
2024-10-10 03:42:14 INFO  Compiler:53 - Processing query: SELECT S.A FROM Sailors S
2024-10-10 03:42:14 INFO  Compiler:53 - Processing query: SELECT * FROM Sailors S WHERE S.A < 3
2024-10-10 03:42:14 INFO  Compiler:53 - Processing query: SELECT * FROM Sailors, Reserves WHERE Sailors.A = Reserves.G
2024-10-10 03:42:14 INFO  Compiler:53 - Processing query: SELECT * FROM Sailors S1, Sailors S2 WHERE S1.A < S2.A
2024-10-10 03:42:14 INFO  Compiler:53 - Processing query: SELECT DISTINCT R.G FROM Reserves R
2024-10-10 03:42:14 INFO  Compiler:53 - Processing query: SELECT * FROM Sailors ORDER BY Sailors.B
2024-10-10 03:42:14 INFO  Compiler:53 - Processing query: SELECT S.A, S.B, R.G FROM Sailors S, Reserves R ORDER BY S.B, R.G
2024-10-10 03:42:14 INFO  Compiler:53 - Processing query: SELECT S.A, S.B, R.G FROM Sailors S, Reserves R WHERE S.A = R.G ORDER BY S.B, R.G
2024-10-10 03:42:14 INFO  Compiler:53 - Processing query: SELECT S.A, B.D FROM Sailors S, Boats B WHERE S.B = B.E AND S.C > B.F AND 1 = 2
2024-10-10 03:42:14 ERROR Compiler:66 - Cannot invoke "java.util.ArrayList.size()" because the return value of "physicaloperator.Operator.getOutputSchema()" is null
2024-10-10 03:44:51 INFO  HelperMethods:33 - Reading from: /Users/stevewang-work/github/db_practicum/build/resources/test/samples/input/db/data_human_readable/Boats
2024-10-10 03:44:51 INFO  HelperMethods:42 - Read 5 tuples from /Users/stevewang-work/github/db_practicum/build/resources/test/samples/input/db/data_human_readable/Boats
2024-10-10 03:44:51 INFO  HelperMethods:46 - Writing to: /Users/stevewang-work/github/db_practicum/build/resources/test/samples/input/db/data/Boats
2024-10-10 03:44:51 INFO  HelperMethods:52 - Written 5 tuples to /Users/stevewang-work/github/db_practicum/build/resources/test/samples/input/db/data/Boats
2024-10-10 03:44:51 INFO  HelperMethods:33 - Reading from: /Users/stevewang-work/github/db_practicum/build/resources/test/samples/input/db/data_human_readable/Reserves
2024-10-10 03:44:51 INFO  HelperMethods:42 - Read 6 tuples from /Users/stevewang-work/github/db_practicum/build/resources/test/samples/input/db/data_human_readable/Reserves
2024-10-10 03:44:51 INFO  HelperMethods:46 - Writing to: /Users/stevewang-work/github/db_practicum/build/resources/test/samples/input/db/data/Reserves
2024-10-10 03:44:51 INFO  HelperMethods:52 - Written 6 tuples to /Users/stevewang-work/github/db_practicum/build/resources/test/samples/input/db/data/Reserves
2024-10-10 03:44:51 INFO  HelperMethods:33 - Reading from: /Users/stevewang-work/github/db_practicum/build/resources/test/samples/input/db/data_human_readable/Sailors
2024-10-10 03:44:51 INFO  HelperMethods:42 - Read 6 tuples from /Users/stevewang-work/github/db_practicum/build/resources/test/samples/input/db/data_human_readable/Sailors
2024-10-10 03:44:51 INFO  HelperMethods:46 - Writing to: /Users/stevewang-work/github/db_practicum/build/resources/test/samples/input/db/data/Sailors
2024-10-10 03:44:51 INFO  HelperMethods:52 - Written 6 tuples to /Users/stevewang-work/github/db_practicum/build/resources/test/samples/input/db/data/Sailors
2024-10-10 03:44:52 INFO  ParserExample:43 - Read statement: SELECT * FROM Sailors
2024-10-10 03:44:52 INFO  ParserExample:47 - getDistanctnull
2024-10-10 03:44:52 INFO  ParserExample:43 - Read statement: SELECT Sailors.A FROM Sailors
2024-10-10 03:44:52 INFO  ParserExample:47 - getDistanctnull
2024-10-10 03:44:52 INFO  ParserExample:43 - Read statement: SELECT S.A FROM Sailors S
2024-10-10 03:44:52 INFO  ParserExample:47 - getDistanctnull
2024-10-10 03:44:52 INFO  ParserExample:43 - Read statement: SELECT * FROM Sailors S WHERE S.A < 3
2024-10-10 03:44:52 INFO  ParserExample:47 - getDistanctnull
2024-10-10 03:44:52 INFO  ParserExample:43 - Read statement: SELECT * FROM Sailors, Reserves WHERE Sailors.A = Reserves.G
2024-10-10 03:44:52 INFO  ParserExample:47 - getDistanctnull
2024-10-10 03:44:52 INFO  ParserExample:43 - Read statement: SELECT * FROM Sailors S1, Sailors S2 WHERE S1.A < S2.A
2024-10-10 03:44:52 INFO  ParserExample:47 - getDistanctnull
2024-10-10 03:44:52 INFO  ParserExample:43 - Read statement: SELECT DISTINCT R.G FROM Reserves R
2024-10-10 03:44:52 INFO  ParserExample:47 - getDistanctDISTINCT
2024-10-10 03:44:52 INFO  ParserExample:43 - Read statement: SELECT * FROM Sailors ORDER BY Sailors.B
2024-10-10 03:44:52 INFO  ParserExample:47 - getDistanctnull
2024-10-10 03:44:52 INFO  ParserExample:43 - Read statement: SELECT S.A, S.B, R.G FROM Sailors S, Reserves R ORDER BY S.B, R.G
2024-10-10 03:44:52 INFO  ParserExample:47 - getDistanctnull
2024-10-10 03:44:52 INFO  ParserExample:43 - Read statement: SELECT S.A, S.B, R.G FROM Sailors S, Reserves R WHERE S.A = R.G ORDER BY S.B, R.G
2024-10-10 03:44:52 INFO  ParserExample:47 - getDistanctnull
2024-10-10 03:44:52 INFO  ParserExample:43 - Read statement: SELECT S.A, B.D FROM Sailors S, Boats B WHERE S.B = B.E AND S.C > B.F AND 1 = 2
2024-10-10 03:44:52 INFO  ParserExample:47 - getDistanctnull
2024-10-10 03:44:55 INFO  Compiler:53 - Processing query: SELECT * FROM Sailors
2024-10-10 03:44:55 INFO  Compiler:53 - Processing query: SELECT Sailors.A FROM Sailors
2024-10-10 03:44:55 INFO  Compiler:53 - Processing query: SELECT S.A FROM Sailors S
2024-10-10 03:44:55 INFO  Compiler:53 - Processing query: SELECT * FROM Sailors S WHERE S.A < 3
2024-10-10 03:44:55 INFO  Compiler:53 - Processing query: SELECT * FROM Sailors, Reserves WHERE Sailors.A = Reserves.G
2024-10-10 03:44:55 INFO  Compiler:53 - Processing query: SELECT * FROM Sailors S1, Sailors S2 WHERE S1.A < S2.A
2024-10-10 03:44:55 INFO  Compiler:53 - Processing query: SELECT DISTINCT R.G FROM Reserves R
2024-10-10 03:44:55 INFO  Compiler:53 - Processing query: SELECT * FROM Sailors ORDER BY Sailors.B
2024-10-10 03:44:55 INFO  Compiler:53 - Processing query: SELECT S.A, S.B, R.G FROM Sailors S, Reserves R ORDER BY S.B, R.G
2024-10-10 03:44:55 INFO  Compiler:53 - Processing query: SELECT S.A, S.B, R.G FROM Sailors S, Reserves R WHERE S.A = R.G ORDER BY S.B, R.G
2024-10-10 03:44:55 INFO  Compiler:53 - Processing query: SELECT S.A, B.D FROM Sailors S, Boats B WHERE S.B = B.E AND S.C > B.F AND 1 = 2
2024-10-10 03:44:55 ERROR Compiler:66 - Cannot invoke "java.util.ArrayList.size()" because the return value of "physicaloperator.Operator.getOutputSchema()" is null
2024-10-10 03:58:13 INFO  HelperMethods:33 - Reading from: /Users/stevewang-work/github/db_practicum/build/resources/test/samples/input/db/data_human_readable/Boats
2024-10-10 03:58:13 INFO  HelperMethods:42 - Read 5 tuples from /Users/stevewang-work/github/db_practicum/build/resources/test/samples/input/db/data_human_readable/Boats
2024-10-10 03:58:13 INFO  HelperMethods:46 - Writing to: /Users/stevewang-work/github/db_practicum/build/resources/test/samples/input/db/data/Boats
2024-10-10 03:58:13 INFO  HelperMethods:52 - Written 5 tuples to /Users/stevewang-work/github/db_practicum/build/resources/test/samples/input/db/data/Boats
2024-10-10 03:58:13 INFO  HelperMethods:33 - Reading from: /Users/stevewang-work/github/db_practicum/build/resources/test/samples/input/db/data_human_readable/Reserves
2024-10-10 03:58:13 INFO  HelperMethods:42 - Read 6 tuples from /Users/stevewang-work/github/db_practicum/build/resources/test/samples/input/db/data_human_readable/Reserves
2024-10-10 03:58:13 INFO  HelperMethods:46 - Writing to: /Users/stevewang-work/github/db_practicum/build/resources/test/samples/input/db/data/Reserves
2024-10-10 03:58:13 INFO  HelperMethods:52 - Written 6 tuples to /Users/stevewang-work/github/db_practicum/build/resources/test/samples/input/db/data/Reserves
2024-10-10 03:58:13 INFO  HelperMethods:33 - Reading from: /Users/stevewang-work/github/db_practicum/build/resources/test/samples/input/db/data_human_readable/Sailors
2024-10-10 03:58:13 INFO  HelperMethods:42 - Read 6 tuples from /Users/stevewang-work/github/db_practicum/build/resources/test/samples/input/db/data_human_readable/Sailors
2024-10-10 03:58:13 INFO  HelperMethods:46 - Writing to: /Users/stevewang-work/github/db_practicum/build/resources/test/samples/input/db/data/Sailors
2024-10-10 03:58:13 INFO  HelperMethods:52 - Written 6 tuples to /Users/stevewang-work/github/db_practicum/build/resources/test/samples/input/db/data/Sailors
2024-10-10 03:58:13 INFO  ParserExample:43 - Read statement: SELECT * FROM Sailors
2024-10-10 03:58:13 INFO  ParserExample:47 - getDistanctnull
2024-10-10 03:58:13 INFO  ParserExample:43 - Read statement: SELECT Sailors.A FROM Sailors
2024-10-10 03:58:13 INFO  ParserExample:47 - getDistanctnull
2024-10-10 03:58:13 INFO  ParserExample:43 - Read statement: SELECT S.A FROM Sailors S
2024-10-10 03:58:13 INFO  ParserExample:47 - getDistanctnull
2024-10-10 03:58:13 INFO  ParserExample:43 - Read statement: SELECT * FROM Sailors S WHERE S.A < 3
2024-10-10 03:58:13 INFO  ParserExample:47 - getDistanctnull
2024-10-10 03:58:13 INFO  ParserExample:43 - Read statement: SELECT * FROM Sailors, Reserves WHERE Sailors.A = Reserves.G
2024-10-10 03:58:13 INFO  ParserExample:47 - getDistanctnull
2024-10-10 03:58:13 INFO  ParserExample:43 - Read statement: SELECT * FROM Sailors S1, Sailors S2 WHERE S1.A < S2.A
2024-10-10 03:58:13 INFO  ParserExample:47 - getDistanctnull
2024-10-10 03:58:13 INFO  ParserExample:43 - Read statement: SELECT DISTINCT R.G FROM Reserves R
2024-10-10 03:58:13 INFO  ParserExample:47 - getDistanctDISTINCT
2024-10-10 03:58:13 INFO  ParserExample:43 - Read statement: SELECT * FROM Sailors ORDER BY Sailors.B
2024-10-10 03:58:13 INFO  ParserExample:47 - getDistanctnull
2024-10-10 03:58:13 INFO  ParserExample:43 - Read statement: SELECT S.A, S.B, R.G FROM Sailors S, Reserves R ORDER BY S.B, R.G
2024-10-10 03:58:13 INFO  ParserExample:47 - getDistanctnull
2024-10-10 03:58:13 INFO  ParserExample:43 - Read statement: SELECT S.A, S.B, R.G FROM Sailors S, Reserves R WHERE S.A = R.G ORDER BY S.B, R.G
2024-10-10 03:58:13 INFO  ParserExample:47 - getDistanctnull
2024-10-10 03:58:13 INFO  ParserExample:43 - Read statement: SELECT S.A, B.D FROM Sailors S, Boats B WHERE S.B = B.E AND S.C > B.F AND 1 = 2
2024-10-10 03:58:13 INFO  ParserExample:47 - getDistanctnull
2024-10-10 03:59:09 INFO  HelperMethods:33 - Reading from: /Users/stevewang-work/github/db_practicum/build/resources/test/samples/input/db/data_human_readable/Boats
2024-10-10 03:59:09 INFO  HelperMethods:42 - Read 5 tuples from /Users/stevewang-work/github/db_practicum/build/resources/test/samples/input/db/data_human_readable/Boats
2024-10-10 03:59:09 INFO  HelperMethods:46 - Writing to: /Users/stevewang-work/github/db_practicum/build/resources/test/samples/input/db/data/Boats
2024-10-10 03:59:09 INFO  HelperMethods:52 - Written 5 tuples to /Users/stevewang-work/github/db_practicum/build/resources/test/samples/input/db/data/Boats
2024-10-10 03:59:09 INFO  HelperMethods:33 - Reading from: /Users/stevewang-work/github/db_practicum/build/resources/test/samples/input/db/data_human_readable/Reserves
2024-10-10 03:59:09 INFO  HelperMethods:42 - Read 6 tuples from /Users/stevewang-work/github/db_practicum/build/resources/test/samples/input/db/data_human_readable/Reserves
2024-10-10 03:59:09 INFO  HelperMethods:46 - Writing to: /Users/stevewang-work/github/db_practicum/build/resources/test/samples/input/db/data/Reserves
2024-10-10 03:59:09 INFO  HelperMethods:52 - Written 6 tuples to /Users/stevewang-work/github/db_practicum/build/resources/test/samples/input/db/data/Reserves
2024-10-10 03:59:09 INFO  HelperMethods:33 - Reading from: /Users/stevewang-work/github/db_practicum/build/resources/test/samples/input/db/data_human_readable/Sailors
2024-10-10 03:59:09 INFO  HelperMethods:42 - Read 6 tuples from /Users/stevewang-work/github/db_practicum/build/resources/test/samples/input/db/data_human_readable/Sailors
2024-10-10 03:59:09 INFO  HelperMethods:46 - Writing to: /Users/stevewang-work/github/db_practicum/build/resources/test/samples/input/db/data/Sailors
2024-10-10 03:59:09 INFO  HelperMethods:52 - Written 6 tuples to /Users/stevewang-work/github/db_practicum/build/resources/test/samples/input/db/data/Sailors
2024-10-10 04:00:31 INFO  HelperMethods:33 - Reading from: /Users/stevewang-work/github/db_practicum/build/resources/test/samples/input/db/data_human_readable/Boats
2024-10-10 04:00:31 INFO  HelperMethods:42 - Read 5 tuples from /Users/stevewang-work/github/db_practicum/build/resources/test/samples/input/db/data_human_readable/Boats
2024-10-10 04:00:31 INFO  HelperMethods:46 - Writing to: /Users/stevewang-work/github/db_practicum/build/resources/test/samples/input/db/data/Boats
2024-10-10 04:00:31 INFO  HelperMethods:52 - Written 5 tuples to /Users/stevewang-work/github/db_practicum/build/resources/test/samples/input/db/data/Boats
2024-10-10 04:00:31 INFO  HelperMethods:33 - Reading from: /Users/stevewang-work/github/db_practicum/build/resources/test/samples/input/db/data_human_readable/Reserves
2024-10-10 04:00:31 INFO  HelperMethods:42 - Read 6 tuples from /Users/stevewang-work/github/db_practicum/build/resources/test/samples/input/db/data_human_readable/Reserves
2024-10-10 04:00:31 INFO  HelperMethods:46 - Writing to: /Users/stevewang-work/github/db_practicum/build/resources/test/samples/input/db/data/Reserves
2024-10-10 04:00:31 INFO  HelperMethods:52 - Written 6 tuples to /Users/stevewang-work/github/db_practicum/build/resources/test/samples/input/db/data/Reserves
2024-10-10 04:00:31 INFO  HelperMethods:33 - Reading from: /Users/stevewang-work/github/db_practicum/build/resources/test/samples/input/db/data_human_readable/Sailors
2024-10-10 04:00:31 INFO  HelperMethods:42 - Read 6 tuples from /Users/stevewang-work/github/db_practicum/build/resources/test/samples/input/db/data_human_readable/Sailors
2024-10-10 04:00:31 INFO  HelperMethods:46 - Writing to: /Users/stevewang-work/github/db_practicum/build/resources/test/samples/input/db/data/Sailors
2024-10-10 04:00:31 INFO  HelperMethods:52 - Written 6 tuples to /Users/stevewang-work/github/db_practicum/build/resources/test/samples/input/db/data/Sailors
2024-10-10 04:00:34 INFO  HelperMethods:33 - Reading from: /Users/stevewang-work/github/db_practicum/build/resources/test/samples/input/db/data_human_readable/Boats
2024-10-10 04:00:34 INFO  HelperMethods:42 - Read 5 tuples from /Users/stevewang-work/github/db_practicum/build/resources/test/samples/input/db/data_human_readable/Boats
2024-10-10 04:00:34 INFO  HelperMethods:46 - Writing to: /Users/stevewang-work/github/db_practicum/build/resources/test/samples/input/db/data/Boats
2024-10-10 04:00:34 INFO  HelperMethods:52 - Written 5 tuples to /Users/stevewang-work/github/db_practicum/build/resources/test/samples/input/db/data/Boats
2024-10-10 04:00:34 INFO  HelperMethods:33 - Reading from: /Users/stevewang-work/github/db_practicum/build/resources/test/samples/input/db/data_human_readable/Reserves
2024-10-10 04:00:34 INFO  HelperMethods:42 - Read 6 tuples from /Users/stevewang-work/github/db_practicum/build/resources/test/samples/input/db/data_human_readable/Reserves
2024-10-10 04:00:34 INFO  HelperMethods:46 - Writing to: /Users/stevewang-work/github/db_practicum/build/resources/test/samples/input/db/data/Reserves
2024-10-10 04:00:34 INFO  HelperMethods:52 - Written 6 tuples to /Users/stevewang-work/github/db_practicum/build/resources/test/samples/input/db/data/Reserves
2024-10-10 04:00:34 INFO  HelperMethods:33 - Reading from: /Users/stevewang-work/github/db_practicum/build/resources/test/samples/input/db/data_human_readable/Sailors
2024-10-10 04:00:34 INFO  HelperMethods:42 - Read 6 tuples from /Users/stevewang-work/github/db_practicum/build/resources/test/samples/input/db/data_human_readable/Sailors
2024-10-10 04:00:34 INFO  HelperMethods:46 - Writing to: /Users/stevewang-work/github/db_practicum/build/resources/test/samples/input/db/data/Sailors
2024-10-10 04:00:34 INFO  HelperMethods:52 - Written 6 tuples to /Users/stevewang-work/github/db_practicum/build/resources/test/samples/input/db/data/Sailors
2024-10-10 04:00:39 INFO  HelperMethods:33 - Reading from: /Users/stevewang-work/github/db_practicum/build/resources/test/samples/input/db/data_human_readable/Boats
2024-10-10 04:00:39 INFO  HelperMethods:42 - Read 5 tuples from /Users/stevewang-work/github/db_practicum/build/resources/test/samples/input/db/data_human_readable/Boats
2024-10-10 04:00:39 INFO  HelperMethods:46 - Writing to: /Users/stevewang-work/github/db_practicum/build/resources/test/samples/input/db/data/Boats
2024-10-10 04:01:10 INFO  HelperMethods:52 - Written 5 tuples to /Users/stevewang-work/github/db_practicum/build/resources/test/samples/input/db/data/Boats
2024-10-10 04:01:10 INFO  HelperMethods:33 - Reading from: /Users/stevewang-work/github/db_practicum/build/resources/test/samples/input/db/data_human_readable/Reserves
2024-10-10 04:01:10 INFO  HelperMethods:42 - Read 6 tuples from /Users/stevewang-work/github/db_practicum/build/resources/test/samples/input/db/data_human_readable/Reserves
2024-10-10 04:01:10 INFO  HelperMethods:46 - Writing to: /Users/stevewang-work/github/db_practicum/build/resources/test/samples/input/db/data/Reserves
2024-10-10 04:01:14 INFO  HelperMethods:52 - Written 6 tuples to /Users/stevewang-work/github/db_practicum/build/resources/test/samples/input/db/data/Reserves
2024-10-10 04:01:14 INFO  HelperMethods:33 - Reading from: /Users/stevewang-work/github/db_practicum/build/resources/test/samples/input/db/data_human_readable/Sailors
2024-10-10 04:01:14 INFO  HelperMethods:42 - Read 6 tuples from /Users/stevewang-work/github/db_practicum/build/resources/test/samples/input/db/data_human_readable/Sailors
2024-10-10 04:01:14 INFO  HelperMethods:46 - Writing to: /Users/stevewang-work/github/db_practicum/build/resources/test/samples/input/db/data/Sailors
2024-10-10 04:01:14 INFO  HelperMethods:52 - Written 6 tuples to /Users/stevewang-work/github/db_practicum/build/resources/test/samples/input/db/data/Sailors
2024-10-10 04:04:36 INFO  HelperMethods:33 - Reading from: /Users/stevewang-work/github/db_practicum/build/resources/test/samples/input/db/data_human_readable/Boats
2024-10-10 04:04:36 INFO  HelperMethods:42 - Read 5 tuples from /Users/stevewang-work/github/db_practicum/build/resources/test/samples/input/db/data_human_readable/Boats
2024-10-10 04:04:36 INFO  HelperMethods:46 - Writing to: /Users/stevewang-work/github/db_practicum/build/resources/test/samples/input/db/data/Boats
2024-10-10 04:04:36 INFO  HelperMethods:52 - Written 5 tuples to /Users/stevewang-work/github/db_practicum/build/resources/test/samples/input/db/data/Boats
2024-10-10 04:04:36 INFO  HelperMethods:33 - Reading from: /Users/stevewang-work/github/db_practicum/build/resources/test/samples/input/db/data_human_readable/Reserves
2024-10-10 04:04:37 INFO  HelperMethods:42 - Read 6 tuples from /Users/stevewang-work/github/db_practicum/build/resources/test/samples/input/db/data_human_readable/Reserves
2024-10-10 04:04:37 INFO  HelperMethods:46 - Writing to: /Users/stevewang-work/github/db_practicum/build/resources/test/samples/input/db/data/Reserves
2024-10-10 04:04:37 INFO  HelperMethods:52 - Written 6 tuples to /Users/stevewang-work/github/db_practicum/build/resources/test/samples/input/db/data/Reserves
2024-10-10 04:04:37 INFO  HelperMethods:33 - Reading from: /Users/stevewang-work/github/db_practicum/build/resources/test/samples/input/db/data_human_readable/Sailors
2024-10-10 04:04:37 INFO  HelperMethods:42 - Read 6 tuples from /Users/stevewang-work/github/db_practicum/build/resources/test/samples/input/db/data_human_readable/Sailors
2024-10-10 04:04:37 INFO  HelperMethods:46 - Writing to: /Users/stevewang-work/github/db_practicum/build/resources/test/samples/input/db/data/Sailors
2024-10-10 04:04:37 INFO  HelperMethods:52 - Written 6 tuples to /Users/stevewang-work/github/db_practicum/build/resources/test/samples/input/db/data/Sailors
2024-10-10 04:04:37 INFO  ParserExample:43 - Read statement: SELECT * FROM Sailors
2024-10-10 04:04:37 INFO  ParserExample:47 - getDistanctnull
2024-10-10 04:04:37 INFO  ParserExample:43 - Read statement: SELECT Sailors.A FROM Sailors
2024-10-10 04:04:37 INFO  ParserExample:47 - getDistanctnull
2024-10-10 04:04:37 INFO  ParserExample:43 - Read statement: SELECT S.A FROM Sailors S
2024-10-10 04:04:37 INFO  ParserExample:47 - getDistanctnull
2024-10-10 04:04:37 INFO  ParserExample:43 - Read statement: SELECT * FROM Sailors S WHERE S.A < 3
2024-10-10 04:04:37 INFO  ParserExample:47 - getDistanctnull
2024-10-10 04:04:37 INFO  ParserExample:43 - Read statement: SELECT * FROM Sailors, Reserves WHERE Sailors.A = Reserves.G
2024-10-10 04:04:37 INFO  ParserExample:47 - getDistanctnull
2024-10-10 04:04:37 INFO  ParserExample:43 - Read statement: SELECT * FROM Sailors S1, Sailors S2 WHERE S1.A < S2.A
2024-10-10 04:04:37 INFO  ParserExample:47 - getDistanctnull
2024-10-10 04:04:37 INFO  ParserExample:43 - Read statement: SELECT DISTINCT R.G FROM Reserves R
2024-10-10 04:04:37 INFO  ParserExample:47 - getDistanctDISTINCT
2024-10-10 04:04:37 INFO  ParserExample:43 - Read statement: SELECT * FROM Sailors ORDER BY Sailors.B
2024-10-10 04:04:37 INFO  ParserExample:47 - getDistanctnull
2024-10-10 04:04:37 INFO  ParserExample:43 - Read statement: SELECT S.A, S.B, R.G FROM Sailors S, Reserves R ORDER BY S.B, R.G
2024-10-10 04:04:37 INFO  ParserExample:47 - getDistanctnull
2024-10-10 04:04:37 INFO  ParserExample:43 - Read statement: SELECT S.A, S.B, R.G FROM Sailors S, Reserves R WHERE S.A = R.G ORDER BY S.B, R.G
2024-10-10 04:04:37 INFO  ParserExample:47 - getDistanctnull
2024-10-10 04:04:37 INFO  ParserExample:43 - Read statement: SELECT S.A, B.D FROM Sailors S, Boats B WHERE S.B = B.E AND S.C > B.F AND 1 = 2
2024-10-10 04:04:37 INFO  ParserExample:47 - getDistanctnull
2024-10-10 04:04:43 INFO  Compiler:53 - Processing query: SELECT * FROM Sailors
2024-10-10 04:04:43 INFO  Compiler:53 - Processing query: SELECT Sailors.A FROM Sailors
2024-10-10 04:04:43 INFO  Compiler:53 - Processing query: SELECT S.A FROM Sailors S
2024-10-10 04:04:43 INFO  Compiler:53 - Processing query: SELECT * FROM Sailors S WHERE S.A < 3
2024-10-10 04:04:43 INFO  Compiler:53 - Processing query: SELECT * FROM Sailors, Reserves WHERE Sailors.A = Reserves.G
2024-10-10 04:04:43 INFO  Compiler:53 - Processing query: SELECT * FROM Sailors S1, Sailors S2 WHERE S1.A < S2.A
2024-10-10 04:04:43 INFO  Compiler:53 - Processing query: SELECT DISTINCT R.G FROM Reserves R
2024-10-10 04:04:43 INFO  Compiler:53 - Processing query: SELECT * FROM Sailors ORDER BY Sailors.B
2024-10-10 04:04:43 INFO  Compiler:53 - Processing query: SELECT S.A, S.B, R.G FROM Sailors S, Reserves R ORDER BY S.B, R.G
2024-10-10 04:04:43 INFO  Compiler:53 - Processing query: SELECT S.A, S.B, R.G FROM Sailors S, Reserves R WHERE S.A = R.G ORDER BY S.B, R.G
2024-10-10 04:04:43 INFO  Compiler:53 - Processing query: SELECT S.A, B.D FROM Sailors S, Boats B WHERE S.B = B.E AND S.C > B.F AND 1 = 2
2024-10-10 04:05:14 INFO  HelperMethods:33 - Reading from: /Users/stevewang-work/github/db_practicum/build/resources/test/samples/input/db/data_human_readable/Boats
2024-10-10 04:05:14 INFO  HelperMethods:42 - Read 5 tuples from /Users/stevewang-work/github/db_practicum/build/resources/test/samples/input/db/data_human_readable/Boats
2024-10-10 04:05:14 INFO  HelperMethods:46 - Writing to: /Users/stevewang-work/github/db_practicum/build/resources/test/samples/input/db/data/Boats
2024-10-10 04:05:14 INFO  HelperMethods:52 - Written 5 tuples to /Users/stevewang-work/github/db_practicum/build/resources/test/samples/input/db/data/Boats
2024-10-10 04:05:14 INFO  HelperMethods:33 - Reading from: /Users/stevewang-work/github/db_practicum/build/resources/test/samples/input/db/data_human_readable/Reserves
2024-10-10 04:05:14 INFO  HelperMethods:42 - Read 6 tuples from /Users/stevewang-work/github/db_practicum/build/resources/test/samples/input/db/data_human_readable/Reserves
2024-10-10 04:05:14 INFO  HelperMethods:46 - Writing to: /Users/stevewang-work/github/db_practicum/build/resources/test/samples/input/db/data/Reserves
2024-10-10 04:05:14 INFO  HelperMethods:52 - Written 6 tuples to /Users/stevewang-work/github/db_practicum/build/resources/test/samples/input/db/data/Reserves
2024-10-10 04:05:14 INFO  HelperMethods:33 - Reading from: /Users/stevewang-work/github/db_practicum/build/resources/test/samples/input/db/data_human_readable/Sailors
2024-10-10 04:05:14 INFO  HelperMethods:42 - Read 6 tuples from /Users/stevewang-work/github/db_practicum/build/resources/test/samples/input/db/data_human_readable/Sailors
2024-10-10 04:05:14 INFO  HelperMethods:46 - Writing to: /Users/stevewang-work/github/db_practicum/build/resources/test/samples/input/db/data/Sailors
2024-10-10 04:05:14 INFO  HelperMethods:52 - Written 6 tuples to /Users/stevewang-work/github/db_practicum/build/resources/test/samples/input/db/data/Sailors
2024-10-10 04:05:14 INFO  ParserExample:43 - Read statement: SELECT * FROM Sailors
2024-10-10 04:05:14 INFO  ParserExample:47 - getDistanctnull
2024-10-10 04:05:14 INFO  ParserExample:43 - Read statement: SELECT Sailors.A FROM Sailors
2024-10-10 04:05:14 INFO  ParserExample:47 - getDistanctnull
2024-10-10 04:05:14 INFO  ParserExample:43 - Read statement: SELECT S.A FROM Sailors S
2024-10-10 04:05:14 INFO  ParserExample:47 - getDistanctnull
2024-10-10 04:05:14 INFO  ParserExample:43 - Read statement: SELECT * FROM Sailors S WHERE S.A < 3
2024-10-10 04:05:14 INFO  ParserExample:47 - getDistanctnull
2024-10-10 04:05:14 INFO  ParserExample:43 - Read statement: SELECT * FROM Sailors, Reserves WHERE Sailors.A = Reserves.G
2024-10-10 04:05:14 INFO  ParserExample:47 - getDistanctnull
2024-10-10 04:05:14 INFO  ParserExample:43 - Read statement: SELECT * FROM Sailors S1, Sailors S2 WHERE S1.A < S2.A
2024-10-10 04:05:14 INFO  ParserExample:47 - getDistanctnull
2024-10-10 04:05:14 INFO  ParserExample:43 - Read statement: SELECT DISTINCT R.G FROM Reserves R
2024-10-10 04:05:14 INFO  ParserExample:47 - getDistanctDISTINCT
2024-10-10 04:05:14 INFO  ParserExample:43 - Read statement: SELECT * FROM Sailors ORDER BY Sailors.B
2024-10-10 04:05:14 INFO  ParserExample:47 - getDistanctnull
2024-10-10 04:05:14 INFO  ParserExample:43 - Read statement: SELECT S.A, S.B, R.G FROM Sailors S, Reserves R ORDER BY S.B, R.G
2024-10-10 04:05:14 INFO  ParserExample:47 - getDistanctnull
2024-10-10 04:05:14 INFO  ParserExample:43 - Read statement: SELECT S.A, S.B, R.G FROM Sailors S, Reserves R WHERE S.A = R.G ORDER BY S.B, R.G
2024-10-10 04:05:14 INFO  ParserExample:47 - getDistanctnull
2024-10-10 04:05:14 INFO  ParserExample:43 - Read statement: SELECT S.A, B.D FROM Sailors S, Boats B WHERE S.B = B.E AND S.C > B.F AND 1 = 2
2024-10-10 04:05:14 INFO  ParserExample:47 - getDistanctnull
2024-10-10 04:05:18 INFO  Compiler:53 - Processing query: SELECT * FROM Sailors
2024-10-10 04:05:18 INFO  Compiler:53 - Processing query: SELECT Sailors.A FROM Sailors
2024-10-10 04:05:18 INFO  Compiler:53 - Processing query: SELECT S.A FROM Sailors S
2024-10-10 04:05:18 INFO  Compiler:53 - Processing query: SELECT * FROM Sailors S WHERE S.A < 3
2024-10-10 04:05:18 INFO  Compiler:53 - Processing query: SELECT * FROM Sailors, Reserves WHERE Sailors.A = Reserves.G
2024-10-10 04:05:18 INFO  Compiler:53 - Processing query: SELECT * FROM Sailors S1, Sailors S2 WHERE S1.A < S2.A
2024-10-10 04:05:18 INFO  Compiler:53 - Processing query: SELECT DISTINCT R.G FROM Reserves R
2024-10-10 04:05:18 INFO  Compiler:53 - Processing query: SELECT * FROM Sailors ORDER BY Sailors.B
2024-10-10 04:05:18 INFO  Compiler:53 - Processing query: SELECT S.A, S.B, R.G FROM Sailors S, Reserves R ORDER BY S.B, R.G
2024-10-10 04:05:18 INFO  Compiler:53 - Processing query: SELECT S.A, S.B, R.G FROM Sailors S, Reserves R WHERE S.A = R.G ORDER BY S.B, R.G
2024-10-10 04:05:18 INFO  Compiler:53 - Processing query: SELECT S.A, B.D FROM Sailors S, Boats B WHERE S.B = B.E AND S.C > B.F AND 1 = 2
2024-10-10 13:57:24 INFO  Compiler:53 - Processing query: SELECT * FROM Sailors
2024-10-10 13:57:24 INFO  Compiler:53 - Processing query: SELECT Sailors.A FROM Sailors
2024-10-10 13:57:24 INFO  Compiler:53 - Processing query: SELECT S.A FROM Sailors S
2024-10-10 13:57:24 INFO  Compiler:53 - Processing query: SELECT * FROM Sailors S WHERE S.A < 3
2024-10-10 13:57:24 INFO  Compiler:53 - Processing query: SELECT * FROM Sailors, Reserves WHERE Sailors.A = Reserves.G
2024-10-10 13:57:24 INFO  Compiler:53 - Processing query: SELECT * FROM Sailors S1, Sailors S2 WHERE S1.A < S2.A
2024-10-10 13:57:24 INFO  Compiler:53 - Processing query: SELECT DISTINCT R.G FROM Reserves R
2024-10-10 13:57:24 INFO  Compiler:53 - Processing query: SELECT * FROM Sailors ORDER BY Sailors.B
2024-10-10 13:57:24 INFO  Compiler:53 - Processing query: SELECT S.A, S.B, R.G FROM Sailors S, Reserves R ORDER BY S.B, R.G
2024-10-10 13:57:24 INFO  Compiler:53 - Processing query: SELECT S.A, S.B, R.G FROM Sailors S, Reserves R WHERE S.A = R.G ORDER BY S.B, R.G
2024-10-10 13:57:24 INFO  Compiler:53 - Processing query: SELECT S.A, B.D FROM Sailors S, Boats B WHERE S.B = B.E AND S.C > B.F AND 1 = 2
